[01:20:36] [Server thread/INFO]: Starting minecraft server version 1.7.9
[01:20:36] [Server thread/INFO]: Loading properties
[01:20:36] [Server thread/INFO]: Default game type: SURVIVAL
[01:20:36] [Server thread/INFO]: Generating keypair
[01:20:36] [Server thread/INFO]: Starting Minecraft server on 192.168.1.24:25565
[01:20:37] [Server thread/INFO]: Preparing level "lomo"
[01:20:37] [Server thread/INFO]: Preparing start region for level 0
[01:20:38] [Server thread/INFO]: Preparing spawn area: 34%
[01:20:39] [Server thread/INFO]: Done (2.044s)! For help, type "help" or "?"
[01:20:42] [User Authenticator #1/INFO]: UUID of player maxdeviant is be25cecd-1e3a-456a-97d4-6375f726c344
[01:20:42] [Server thread/INFO]: maxdeviant[/192.168.1.10:62864] logged in with entity id 845 at (177.24255043066134, 72.0, -50.37085847576965)
[01:20:42] [Server thread/INFO]: maxdeviant joined the game
[01:21:15] [Server thread/INFO]: Kicked maxdeviant from the game
[01:21:15] [Server thread/INFO]: maxdeviant lost connection: TextComponent{text='Kicked by an operator.', siblings=[], style=Style{hasParent=false, color=null, bold=null, italic=null, underlined=null, obfuscated=null, clickEvent=null, hoverEvent=null}}
[01:21:15] [Server thread/INFO]: maxdeviant left the game
[12:11:57] [User Authenticator #2/INFO]: UUID of player Autonate is 808073a3-ed34-413d-a865-3eadefb4be8c
[12:11:57] [Server thread/INFO]: Autonate[/198.96.89.216:34292] logged in with entity id 409534 at (-58.05345927210461, 67.0, 14.843638419647705)
[12:11:57] [Server thread/INFO]: Autonate joined the game
[12:12:08] [Server thread/INFO]: [Autonate: Set own game mode to Creative Mode]
[12:20:44] [Server thread/INFO]: [Autonate: Set own game mode to Survival Mode]
[12:22:15] [Server thread/INFO]: [Autonate: Set own game mode to Survival Mode]
[12:22:24] [Server thread/INFO]: [Autonate: Set own game mode to Creative Mode]
[12:26:53] [Server thread/INFO]: [Autonate: Set own game mode to Survival Mode]
[12:31:55] [Server thread/INFO]: Autonate lost connection: TextComponent{text='Disconnected', siblings=[], style=Style{hasParent=false, color=null, bold=null, italic=null, underlined=null, obfuscated=null, clickEvent=null, hoverEvent=null}}
[12:31:55] [Server thread/INFO]: Autonate left the game
[12:43:35] [User Authenticator #3/INFO]: UUID of player Itsall1337 is 09f8cb48-7707-4c27-b5dd-1850549c587b
[12:43:35] [Server thread/INFO]: Itsall1337[/71.200.30.253:49455] logged in with entity id 478515 at (169.6999999880791, 62.0, -42.30000001192083)
[12:43:35] [Server thread/INFO]: Itsall1337 joined the game
[15:02:29] [Server thread/INFO]: Itsall1337 lost connection: TextComponent{text='Disconnected', siblings=[], style=Style{hasParent=false, color=null, bold=null, italic=null, underlined=null, obfuscated=null, clickEvent=null, hoverEvent=null}}
[15:02:29] [Server thread/INFO]: Itsall1337 left the game
[17:06:29] [User Authenticator #4/INFO]: UUID of player Tarnanduil is f7528862-90bd-47ac-a5aa-32edd611cc22
[17:06:29] [Server thread/INFO]: Tarnanduil[/74.240.4.2:52754] logged in with entity id 898342 at (144.5237322440022, 72.0, -33.22936704953134)
[17:06:29] [Server thread/INFO]: Tarnanduil joined the game
[17:06:39] [Server thread/INFO]: There are 1/20 players online:
[17:06:39] [Server thread/INFO]: Tarnanduil
[17:06:53] [Server thread/INFO]: [Server] About to do some maintenance stuff
[17:07:27] [Server thread/INFO]: [Server] Have to take the server offline for a bit
[17:07:40] [Server thread/INFO]: There are 1/20 players online:
[17:07:40] [Server thread/INFO]: Tarnanduil
[17:08:07] [Server thread/INFO]: <Tarnanduil> Ok go for it; getting my horse out
[17:08:14] [Server thread/WARN]: Tarnanduil moved wrongly!
[17:08:26] [Server thread/INFO]: Tarnanduil lost connection: TextComponent{text='Disconnected', siblings=[], style=Style{hasParent=false, color=null, bold=null, italic=null, underlined=null, obfuscated=null, clickEvent=null, hoverEvent=null}}
[17:08:26] [Server thread/INFO]: Tarnanduil left the game
[17:08:26] [Server thread/INFO]: There are 0/20 players online:
[17:08:26] [Server thread/INFO]: 
[17:08:29] [Server thread/INFO]: Stopping the server
[17:08:29] [Server thread/INFO]: Stopping server
[17:08:29] [Server thread/INFO]: Saving players
[17:08:29] [Server thread/INFO]: Saving worlds
[17:08:29] [Server thread/INFO]: Saving chunks for level 'lomo'/Overworld
[17:08:29] [Server thread/INFO]: Saving chunks for level 'lomo'/Nether
[17:08:29] [Server thread/INFO]: Saving chunks for level 'lomo'/The End
